<?xml version="1.0" encoding="UTF-8"?>
<robot generator="Robot 3.2.1 (Python 3.8.5 on win32)" generated="20210322 23:04:39.736" rpa="false">
<suite id="s1" name="i18n Automatisation" source="C:\Users\iktami\eclipseSelenium\i18n_Automatisation">
<suite id="s1-s1" name="internalisationV2" source="C:\Users\iktami\eclipseSelenium\i18n_Automatisation\internalisationV2">
<suite id="s1-s1-s1" name="Testcases" source="C:\Users\iktami\eclipseSelenium\i18n_Automatisation\internalisationV2\testcases">
<suite id="s1-s1-s1-s1" name="Testcase" source="C:\Users\iktami\eclipseSelenium\i18n_Automatisation\internalisationV2\testcases\testcase.robot">
<test id="s1-s1-s1-s1-t1" name="TestCase1">
<kw name="Setup" library="testcase1_keywords" type="setup">
<kw name="Import Resource" library="BuiltIn">
<doc>Imports a resource file with the given path.</doc>
<arguments>
<arg>${EXECDIR}/internalisationV2/locators/test1_locators_${LANG}.txt</arg>
</arguments>
<status status="PASS" starttime="20210322 23:04:39.914" endtime="20210322 23:04:39.924"></status>
</kw>
<status status="PASS" starttime="20210322 23:04:39.914" endtime="20210322 23:04:39.924"></status>
</kw>
<kw name="Keyword1" library="testcase1_keywords">
<kw name="Log To Console" library="BuiltIn">
<doc>Logs the given message to the console.</doc>
<arguments>
<arg>${button_login}</arg>
</arguments>
<status status="PASS" starttime="20210322 23:04:39.928" endtime="20210322 23:04:39.929"></status>
</kw>
<status status="PASS" starttime="20210322 23:04:39.926" endtime="20210322 23:04:39.930"></status>
</kw>
<kw name="Keyword2" library="testcase1_keywords">
<kw name="Log To Console" library="BuiltIn">
<doc>Logs the given message to the console.</doc>
<arguments>
<arg>${username}</arg>
</arguments>
<status status="PASS" starttime="20210322 23:04:39.931" endtime="20210322 23:04:39.932"></status>
</kw>
<status status="PASS" starttime="20210322 23:04:39.930" endtime="20210322 23:04:39.933"></status>
</kw>
<status status="PASS" starttime="20210322 23:04:39.912" endtime="20210322 23:04:39.933" critical="yes"></status>
</test>
<status status="PASS" starttime="20210322 23:04:39.885" endtime="20210322 23:04:39.934"></status>
</suite>
<status status="PASS" starttime="20210322 23:04:39.878" endtime="20210322 23:04:39.938"></status>
</suite>
<status status="PASS" starttime="20210322 23:04:39.871" endtime="20210322 23:04:39.941"></status>
</suite>
<status status="PASS" starttime="20210322 23:04:39.831" endtime="20210322 23:04:39.943"></status>
</suite>
<statistics>
<total>
<stat pass="1" fail="0">Critical Tests</stat>
<stat pass="1" fail="0">All Tests</stat>
</total>
<tag>
</tag>
<suite>
<stat pass="1" fail="0" id="s1" name="i18n Automatisation">i18n Automatisation</stat>
<stat pass="1" fail="0" id="s1-s1" name="internalisationV2">i18n Automatisation.internalisationV2</stat>
<stat pass="1" fail="0" id="s1-s1-s1" name="Testcases">i18n Automatisation.internalisationV2.Testcases</stat>
<stat pass="1" fail="0" id="s1-s1-s1-s1" name="Testcase">i18n Automatisation.internalisationV2.Testcases.Testcase</stat>
</suite>
</statistics>
<errors>
</errors>
</robot>
